<?xml version="1.0" encoding="UTF-8"?>
<testsuite xmlns:xsi="http://www.w3.org/2001/XMLSchema-instance" xsi:noNamespaceSchemaLocation="https://maven.apache.org/surefire/maven-surefire-plugin/xsd/surefire-test-report-3.0.xsd" version="3.0" name="org.marelli.reportportal.TestBankLoadService" time="0.061" tests="3" errors="0" skipped="0" failures="0">
  <properties>
[...]
</properties>
  <testcase name="testcalcSimpleInterstAmount3WithInvalidInputs" classname="org.marelli.reportportal.TestBankLoadService" time="0.021"/>
  <testcase name="testcalcSimpleInterstAmount2WithBigNumber" classname="org.marelli.reportportal.TestBankLoadService" time="0.004"/>
  <testcase name="testcalcSimpleInterstAmount5WithForNoExceptions" classname="org.marelli.reportportal.TestBankLoadService" time="0.002"/>
</testsuite>